# JRE version: OpenJDK Runtime Environment (11.0.10) (build 11.0.10+0-b96-7249189)
# Java VM: OpenJDK 64-Bit Server VM (11.0.10+0-b96-7249189, mixed mode, tiered, compressed oops, g1 gc, windows-amd64)
Heap:
 garbage-first heap   total 217088K, used 152425K [0x00000000a0000000, 0x0000000100000000)
  region size 1024K, 39 young (39936K), 2 survivors (2048K)
 Metaspace       used 83917K, capacity 87262K, committed 87324K, reserved 1126400K
  class space    used 10829K, capacity 11873K, committed 11904K, reserved 1048576K
GC Heap History (20 events):
Event: 39.744 GC heap before
{Heap before GC invocations=72 (full 0):
 garbage-first heap   total 217088K, used 179275K [0x00000000a0000000, 0x0000000100000000)
  region size 1024K, 70 young (71680K), 6 survivors (6144K)
 Metaspace       used 77363K, capacity 80203K, committed 80412K, reserved 1122304K
  class space    used 9914K, capacity 10827K, committed 10880K, reserved 1048576K
}
Event: 39.751 GC heap after
{Heap after GC invocations=73 (full 0):
 garbage-first heap   total 217088K, used 113656K [0x00000000a0000000, 0x0000000100000000)
  region size 1024K, 6 young (6144K), 6 survivors (6144K)
 Metaspace       used 77363K, capacity 80203K, committed 80412K, reserved 1122304K
  class space    used 9914K, capacity 10827K, committed 10880K, reserved 1048576K
}
Event: 40.162 GC heap before
{Heap before GC invocations=73 (full 0):
 garbage-first heap   total 217088K, used 180216K [0x00000000a0000000, 0x0000000100000000)
  region size 1024K, 71 young (72704K), 6 survivors (6144K)
 Metaspace       used 77363K, capacity 80203K, committed 80412K, reserved 1122304K
  class space    used 9914K, capacity 10827K, committed 10880K, reserved 1048576K
}
Event: 40.167 GC heap after
{Heap after GC invocations=74 (full 0):
 garbage-first heap   total 217088K, used 114286K [0x00000000a0000000, 0x0000000100000000)
  region size 1024K, 6 young (6144K), 6 survivors (6144K)
 Metaspace       used 77363K, capacity 80203K, committed 80412K, reserved 1122304K
  class space    used 9914K, capacity 10827K, committed 10880K, reserved 1048576K
}
Event: 40.705 GC heap before
{Heap before GC invocations=75 (full 0):
 garbage-first heap   total 217088K, used 180846K [0x00000000a0000000, 0x0000000100000000)
  region size 1024K, 71 young (72704K), 6 survivors (6144K)
 Metaspace       used 77363K, capacity 80203K, committed 80412K, reserved 1122304K
  class space    used 9914K, capacity 10827K, committed 10880K, reserved 1048576K
}
Event: 40.712 GC heap after
{Heap after GC invocations=76 (full 0):
 garbage-first heap   total 217088K, used 114935K [0x00000000a0000000, 0x0000000100000000)
  region size 1024K, 6 young (6144K), 6 survivors (6144K)
 Metaspace       used 77363K, capacity 80203K, committed 80412K, reserved 1122304K
  class space    used 9914K, capacity 10827K, committed 10880K, reserved 1048576K
}
Event: 41.154 GC heap before
{Heap before GC invocations=76 (full 0):
 garbage-first heap   total 217088K, used 180471K [0x00000000a0000000, 0x0000000100000000)
  region size 1024K, 70 young (71680K), 6 survivors (6144K)
 Metaspace       used 77364K, capacity 80203K, committed 80412K, reserved 1122304K
  class space    used 9914K, capacity 10827K, committed 10880K, reserved 1048576K
}
Event: 41.160 GC heap after
{Heap after GC invocations=77 (full 0):
 garbage-first heap   total 217088K, used 115282K [0x00000000a0000000, 0x0000000100000000)
  region size 1024K, 6 young (6144K), 6 survivors (6144K)
 Metaspace       used 77364K, capacity 80203K, committed 80412K, reserved 1122304K
  class space    used 9914K, capacity 10827K, committed 10880K, reserved 1048576K
}
Event: 42.594 GC heap before
{Heap before GC invocations=78 (full 0):
 garbage-first heap   total 217088K, used 180818K [0x00000000a0000000, 0x0000000100000000)
  region size 1024K, 70 young (71680K), 6 survivors (6144K)
 Metaspace       used 77364K, capacity 80203K, committed 80412K, reserved 1122304K
  class space    used 9914K, capacity 10827K, committed 10880K, reserved 1048576K
}
Event: 42.599 GC heap after
{Heap after GC invocations=79 (full 0):
 garbage-first heap   total 217088K, used 115696K [0x00000000a0000000, 0x0000000100000000)
  region size 1024K, 6 young (6144K), 6 survivors (6144K)
 Metaspace       used 77364K, capacity 80203K, committed 80412K, reserved 1122304K
  class space    used 9914K, capacity 10827K, committed 10880K, reserved 1048576K
}
Event: 45.883 GC heap before
{Heap before GC invocations=79 (full 0):
 garbage-first heap   total 217088K, used 180208K [0x00000000a0000000, 0x0000000100000000)
  region size 1024K, 69 young (70656K), 6 survivors (6144K)
 Metaspace       used 77367K, capacity 80206K, committed 80412K, reserved 1122304K
  class space    used 9914K, capacity 10828K, committed 10880K, reserved 1048576K
}
Event: 45.889 GC heap after
{Heap after GC invocations=80 (full 0):
 garbage-first heap   total 217088K, used 116224K [0x00000000a0000000, 0x0000000100000000)
  region size 1024K, 6 young (6144K), 6 survivors (6144K)
 Metaspace       used 77367K, capacity 80206K, committed 80412K, reserved 1122304K
  class space    used 9914K, capacity 10828K, committed 10880K, reserved 1048576K
}
Event: 46.564 GC heap before
{Heap before GC invocations=81 (full 0):
 garbage-first heap   total 217088K, used 180736K [0x00000000a0000000, 0x0000000100000000)
  region size 1024K, 69 young (70656K), 6 survivors (6144K)
 Metaspace       used 77367K, capacity 80206K, committed 80412K, reserved 1122304K
  class space    used 9914K, capacity 10828K, committed 10880K, reserved 1048576K
}
Event: 46.571 GC heap after
{Heap after GC invocations=82 (full 0):
 garbage-first heap   total 217088K, used 116803K [0x00000000a0000000, 0x0000000100000000)
  region size 1024K, 6 young (6144K), 6 survivors (6144K)
 Metaspace       used 77367K, capacity 80206K, committed 80412K, reserved 1122304K
  class space    used 9914K, capacity 10828K, committed 10880K, reserved 1048576K
}
Event: 52.152 GC heap before
{Heap before GC invocations=82 (full 0):
 garbage-first heap   total 217088K, used 171075K [0x00000000a0000000, 0x0000000100000000)
  region size 1024K, 61 young (62464K), 6 survivors (6144K)
 Metaspace       used 77378K, capacity 80271K, committed 80412K, reserved 1122304K
  class space    used 9914K, capacity 10828K, committed 10880K, reserved 1048576K
}
Event: 52.158 GC heap after
{Heap after GC invocations=83 (full 0):
 garbage-first heap   total 217088K, used 108996K [0x00000000a0000000, 0x0000000100000000)
  region size 1024K, 2 young (2048K), 2 survivors (2048K)
 Metaspace       used 77378K, capacity 80271K, committed 80412K, reserved 1122304K
  class space    used 9914K, capacity 10828K, committed 10880K, reserved 1048576K
}
Event: 56.327 GC heap before
{Heap before GC invocations=84 (full 0):
 garbage-first heap   total 217088K, used 182483K [0x00000000a0000000, 0x0000000100000000)
  region size 1024K, 72 young (73728K), 2 survivors (2048K)
 Metaspace       used 81094K, capacity 84351K, committed 84636K, reserved 1124352K
  class space    used 10414K, capacity 11455K, committed 11520K, reserved 1048576K
}
Event: 56.351 GC heap after
{Heap after GC invocations=85 (full 0):
 garbage-first heap   total 217088K, used 119745K [0x00000000a0000000, 0x0000000100000000)
  region size 1024K, 9 young (9216K), 9 survivors (9216K)
 Metaspace       used 81094K, capacity 84351K, committed 84636K, reserved 1124352K
  class space    used 10414K, capacity 11455K, committed 11520K, reserved 1048576K
}
Event: 56.401 GC heap before
{Heap before GC invocations=85 (full 0):
 garbage-first heap   total 217088K, used 120769K [0x00000000a0000000, 0x0000000100000000)
  region size 1024K, 10 young (10240K), 9 survivors (9216K)
 Metaspace       used 81229K, capacity 84479K, committed 84636K, reserved 1124352K
  class space    used 10441K, capacity 11455K, committed 11520K, reserved 1048576K
}
Event: 56.424 GC heap after
{Heap after GC invocations=86 (full 0):
 garbage-first heap   total 217088K, used 115561K [0x00000000a0000000, 0x0000000100000000)
  region size 1024K, 2 young (2048K), 2 survivors (2048K)
 Metaspace       used 81229K, capacity 84479K, committed 84636K, reserved 1124352K
  class space    used 10441K, capacity 11455K, committed 11520K, reserved 1048576K
}

